<?xml version="1.0" encoding="UTF-8"?>
<!-- Generated by org.testng.reporters.JUnitReportReporter -->
<testsuite skipped="0" hostname="dalong" name="com.example.amisbook002.NewTest" tests="1" failures="0" timestamp="20 八月 2020 07:32:02 GMT" time="0.010" errors="0">
  <testcase name="f" time="0.010" classname="com.example.amisbook002.NewTest"/>
</testsuite> <!-- com.example.amisbook002.NewTest -->
