<?xml version="1.0" encoding="UTF-8"?>
<!-- Generated by org.testng.reporters.JUnitReportReporter -->
<testsuite skipped="0" hostname="dalong" name="com.example.amisbook002.MainStart" tests="1" failures="0" timestamp="20 八月 2020 07:32:02 GMT" time="7.053" errors="0">
  <testcase name="start" time="7.053" classname="com.example.amisbook002.MainStart"/>
</testsuite> <!-- com.example.amisbook002.MainStart -->
